[INFO  - 2019-02-20T16:30:35.437Z] GhostDriver - Main - running on port 17221
[INFO  - 2019-02-20T16:30:36.634Z] Session [da259500-352c-11e9-b9f3-31d9db65454a] - page.settings - {"XSSAuditingEnabled":false,"javascriptCanCloseWindows":true,"javascriptCanOpenWindows":true,"javascriptEnabled":true,"loadImages":true,"localToRemoteUrlAccessEnabled":false,"userAgent":"Mozilla/5.0 (Windows NT 6.2; WOW64) AppleWebKit/538.1 (KHTML, like Gecko) PhantomJS/2.1.1 Safari/538.1","webSecurityEnabled":true}
[INFO  - 2019-02-20T16:30:36.634Z] Session [da259500-352c-11e9-b9f3-31d9db65454a] - page.customHeaders:  - {}
[INFO  - 2019-02-20T16:30:36.634Z] Session [da259500-352c-11e9-b9f3-31d9db65454a] - Session.negotiatedCapabilities - {"browserName":"phantomjs","version":"2.1.1","driverName":"ghostdriver","driverVersion":"1.2.0","platform":"windows-10-32bit","javascriptEnabled":true,"takesScreenshot":true,"handlesAlerts":false,"databaseEnabled":false,"locationContextEnabled":false,"applicationCacheEnabled":false,"browserConnectionEnabled":false,"cssSelectorsEnabled":true,"webStorageEnabled":false,"rotatable":false,"acceptSslCerts":false,"nativeEvents":true,"proxy":{"proxyType":"direct"}}
[INFO  - 2019-02-20T16:30:36.635Z] SessionManagerReqHand - _postNewSessionCommand - New Session Created: da259500-352c-11e9-b9f3-31d9db65454a
[ERROR - 2019-02-20T16:30:38.970Z] Session [da259500-352c-11e9-b9f3-31d9db65454a] - page.onError - msg: ReferenceError: Can't find variable: jQuery
[ERROR - 2019-02-20T16:30:38.970Z] Session [da259500-352c-11e9-b9f3-31d9db65454a] - page.onError - stack:
  global code (http://seleniumautomationpractice.blogspot.com/2017/10/functionisogramigoogleanalyticsobjectri.html:2747)
[ERROR - 2019-02-20T16:30:39.394Z] Session [da259500-352c-11e9-b9f3-31d9db65454a] - page.onError - msg: ReferenceError: Can't find variable: jQuery
[ERROR - 2019-02-20T16:30:39.396Z] Session [da259500-352c-11e9-b9f3-31d9db65454a] - page.onError - stack:
  global code (http://seleniumautomationpractice.blogspot.com/2017/10/functionisogramigoogleanalyticsobjectri.html:2899)
[ERROR - 2019-02-20T16:30:39.397Z] Session [da259500-352c-11e9-b9f3-31d9db65454a] - page.onError - msg: ReferenceError: Can't find variable: jQuery
[ERROR - 2019-02-20T16:30:39.397Z] Session [da259500-352c-11e9-b9f3-31d9db65454a] - page.onError - stack:
  global code (http://seleniumautomationpractice.blogspot.com/2017/10/functionisogramigoogleanalyticsobjectri.html:2927)
[ERROR - 2019-02-20T16:30:39.398Z] Session [da259500-352c-11e9-b9f3-31d9db65454a] - page.onError - msg: ReferenceError: Can't find variable: jQuery
[ERROR - 2019-02-20T16:30:39.399Z] Session [da259500-352c-11e9-b9f3-31d9db65454a] - page.onError - stack:
  global code (http://seleniumautomationpractice.blogspot.com/2017/10/functionisogramigoogleanalyticsobjectri.html:2955)
[INFO  - 2019-02-20T16:35:35.430Z] SessionManagerReqHand - _cleanupWindowlessSessions - Asynchronous Sessions clean-up phase starting NOW
[INFO  - 2019-02-20T16:40:35.429Z] SessionManagerReqHand - _cleanupWindowlessSessions - Asynchronous Sessions clean-up phase starting NOW
[INFO  - 2019-02-20T16:45:35.429Z] SessionManagerReqHand - _cleanupWindowlessSessions - Asynchronous Sessions clean-up phase starting NOW
[INFO  - 2019-02-20T16:50:35.446Z] SessionManagerReqHand - _cleanupWindowlessSessions - Asynchronous Sessions clean-up phase starting NOW
[INFO  - 2019-02-20T16:55:35.439Z] SessionManagerReqHand - _cleanupWindowlessSessions - Asynchronous Sessions clean-up phase starting NOW
[INFO  - 2019-02-20T17:00:35.440Z] SessionManagerReqHand - _cleanupWindowlessSessions - Asynchronous Sessions clean-up phase starting NOW
[INFO  - 2019-02-20T17:05:35.450Z] SessionManagerReqHand - _cleanupWindowlessSessions - Asynchronous Sessions clean-up phase starting NOW
[INFO  - 2019-02-20T17:10:35.451Z] SessionManagerReqHand - _cleanupWindowlessSessions - Asynchronous Sessions clean-up phase starting NOW
[INFO  - 2019-02-20T17:15:35.451Z] SessionManagerReqHand - _cleanupWindowlessSessions - Asynchronous Sessions clean-up phase starting NOW
[INFO  - 2019-02-20T17:20:35.456Z] SessionManagerReqHand - _cleanupWindowlessSessions - Asynchronous Sessions clean-up phase starting NOW
[INFO  - 2019-02-20T17:25:35.467Z] SessionManagerReqHand - _cleanupWindowlessSessions - Asynchronous Sessions clean-up phase starting NOW
[INFO  - 2019-02-20T17:30:35.474Z] SessionManagerReqHand - _cleanupWindowlessSessions - Asynchronous Sessions clean-up phase starting NOW
[INFO  - 2019-02-20T17:35:35.481Z] SessionManagerReqHand - _cleanupWindowlessSessions - Asynchronous Sessions clean-up phase starting NOW
[INFO  - 2019-02-20T17:40:35.482Z] SessionManagerReqHand - _cleanupWindowlessSessions - Asynchronous Sessions clean-up phase starting NOW
[INFO  - 2019-02-20T17:45:35.488Z] SessionManagerReqHand - _cleanupWindowlessSessions - Asynchronous Sessions clean-up phase starting NOW
[INFO  - 2019-02-20T17:50:35.489Z] SessionManagerReqHand - _cleanupWindowlessSessions - Asynchronous Sessions clean-up phase starting NOW
[INFO  - 2019-02-20T18:20:05.653Z] SessionManagerReqHand - _cleanupWindowlessSessions - Asynchronous Sessions clean-up phase starting NOW
